<?xml version="1.0" encoding="UTF-8"?>
<!-- Generated by org.testng.reporters.JUnitReportReporter -->
<testsuite skipped="0" hostname="DESKTOP-5QEKCKI" name="Facebook.Login$analyticsLandingPage" tests="2" failures="0" timestamp="2020-01-04T14:03:22 EST" time="38.536" errors="0">
  <testcase name="VerifyTest" time="8.762" classname="Facebook.Login$analyticsLandingPage"/>
  <testcase name="UsernameAndPasswordTest" time="29.774" classname="Facebook.Login$analyticsLandingPage"/>
</testsuite> <!-- Facebook.Login$analyticsLandingPage -->
