<?xml version="1.0" encoding="UTF-8"?>
<!-- Generated by org.testng.reporters.JUnitReportReporter -->
<testsuite skipped="0" hostname="DESKTOP-5QEKCKI" name="Facebook.Login" tests="3" failures="0" timestamp="2020-01-18T13:25:12 EST" time="28.595" errors="0">
  <testcase name="UsernameAndPasswordTest" time="12.429" classname="Facebook.Login"/>
  <testcase name="verifyTest" time="7.905" classname="Facebook.Login"/>
  <testcase name="verifyImagetest" time="8.261" classname="Facebook.Login"/>
</testsuite> <!-- Facebook.Login -->
