<?xml version="1.0" encoding="UTF-8"?>
<!-- Generated by org.testng.reporters.JUnitReportReporter -->
<testsuite skipped="0" hostname="DESKTOP-5QEKCKI" name="Facebook.WindowHandle" tests="2" failures="0" timestamp="2020-01-07T22:46:39 EST" time="18.625" errors="0">
  <testcase name="PrintTitle" time="8.901" classname="Facebook.WindowHandle"/>
  <testcase name="verifyImage" time="9.724" classname="Facebook.WindowHandle"/>
</testsuite> <!-- Facebook.WindowHandle -->
