<?xml version="1.0" encoding="UTF-8"?>
<!-- Generated by org.testng.reporters.JUnitReportReporter -->
<testsuite skipped="0" hostname="DESKTOP-5QEKCKI" name="Qaclickacademy_test.ValidateTitleTest" tests="1" failures="0" timestamp="2020-02-15T14:15:38 EST" time="10.581" errors="0">
  <testcase name="ValidateTitleTest" time="10.581" classname="Qaclickacademy_test.ValidateTitleTest"/>
  <system-out/>
</testsuite> <!-- Qaclickacademy_test.ValidateTitleTest -->
