<?xml version="1.0" encoding="UTF-8"?>
<!-- Generated by org.testng.reporters.JUnitReportReporter -->
<testsuite skipped="0" hostname="DESKTOP-5QEKCKI" name="Qaclickacademy_test.HomePage" tests="3" failures="0" timestamp="2020-02-15T14:15:38 EST" time="12.403" errors="0">
  <testcase name="basepageNavigation" time="3.858" classname="Qaclickacademy_test.HomePage"/>
  <system-out/>
  <testcase name="basepageNavigation" time="3.661" classname="Qaclickacademy_test.HomePage"/>
  <system-out/>
  <testcase name="basepageNavigation" time="4.884" classname="Qaclickacademy_test.HomePage"/>
  <system-out/>
</testsuite> <!-- Qaclickacademy_test.HomePage -->
