<?xml version="1.0" encoding="UTF-8"?>
<!-- Generated by org.testng.reporters.JUnitReportReporter -->
<testsuite skipped="0" hostname="DESKTOP-5QEKCKI" name="Qaclickacademy_test.HomePage" tests="3" failures="0" timestamp="15 Feb 2020 19:20:17 GMT" time="13.511" errors="0">
  <testcase name="HomePage" time="5.176" classname="Qaclickacademy_test.HomePage"/>
  <testcase name="HomePage" time="4.448" classname="Qaclickacademy_test.HomePage"/>
  <testcase name="HomePage" time="3.887" classname="Qaclickacademy_test.HomePage"/>
</testsuite> <!-- Qaclickacademy_test.HomePage -->
