<?xml version="1.0" encoding="UTF-8"?>
<!-- Generated by org.testng.reporters.JUnitReportReporter -->
<testsuite skipped="0" hostname="DESKTOP-5QEKCKI" name="Qaclickacademy_test.ValidateTest" tests="1" failures="0" timestamp="15 Feb 2020 19:20:17 GMT" time="10.471" errors="0">
  <testcase name="ValidateTest" time="10.471" classname="Qaclickacademy_test.ValidateTest"/>
</testsuite> <!-- Qaclickacademy_test.ValidateTest -->
