<?xml version="1.0" encoding="UTF-8"?>
<!-- Generated by org.testng.reporters.JUnitReportReporter -->
<testsuite skipped="0" hostname="DESKTOP-5QEKCKI" name="Qaclickacademy_test.ValidateTitleTest" tests="1" failures="0" timestamp="15 Feb 2020 19:20:17 GMT" time="10.012" errors="0">
  <testcase name="ValidateTitleTest" time="10.012" classname="Qaclickacademy_test.ValidateTitleTest"/>
</testsuite> <!-- Qaclickacademy_test.ValidateTitleTest -->
