<?xml version="1.0" encoding="UTF-8"?>
<!-- Generated by org.testng.reporters.JUnitReportReporter -->
<testsuite skipped="0" hostname="DESKTOP-5QEKCKI" name="Testcase.LogInApplication" tests="1" failures="0" timestamp="2020-01-20T13:53:55 EST" time="50.029" errors="0">
  <testcase name="Login" time="50.029" classname="Testcase.LogInApplication"/>
</testsuite> <!-- Testcase.LogInApplication -->
